<?xml version="1.0" encoding="UTF-8"?>
<!-- Generated by org.testng.reporters.JUnitReportReporter -->
<testsuite hostname="DESKTOP-AALL9QS" name="programs.Sample1" tests="1" failures="0" timestamp="1 Oct 2020 14:10:04 GMT" time="11.556" errors="0">
  <testcase name="Test1" time="11.556" classname="programs.Sample1"/>
</testsuite> <!-- programs.Sample1 -->
