<?xml version="1.0" encoding="UTF-8"?>
<!-- Generated by org.testng.reporters.JUnitReportReporter -->
<testsuite hostname="DESKTOP-AALL9QS" name="testscripts.Extent" tests="1" failures="0" timestamp="2 Oct 2020 06:42:54 GMT" time="0.601" errors="0">
  <testcase name="extentreport" time="0.601" classname="testscripts.Extent"/>
</testsuite> <!-- testscripts.Extent -->
