<?xml version="1.0" encoding="UTF-8"?>
<!-- Generated by org.testng.reporters.JUnitReportReporter -->
<testsuite hostname="DESKTOP-AALL9QS" name="testscripts.Log4J" tests="1" failures="0" timestamp="2 Oct 2020 07:41:21 GMT" time="0.038" errors="0">
  <testcase name="logreport" time="0.038" classname="testscripts.Log4J"/>
</testsuite> <!-- testscripts.Log4J -->
