<?xml version="1.0" encoding="UTF-8"?>
<!-- Generated by org.testng.reporters.JUnitReportReporter -->
<testsuite hostname="DESKTOP-AALL9QS" name="programs.Sample" tests="1" failures="0" timestamp="1 Oct 2020 13:43:30 GMT" time="0.010" errors="0">
  <testcase name="Test1" time="0.010" classname="programs.Sample"/>
</testsuite> <!-- programs.Sample -->
